#
# There is insufficient memory for the Java Runtime Environment to continue.
# Native memory allocation (mmap) failed to map 99614720 bytes for committing reserved memory.
# Possible reasons:
#   The system is out of physical RAM or swap space
#   In 32 bit mode, the process size limit was hit
# Possible solutions:
#   Reduce memory load on the system
#   Increase physical memory or swap space
#   Check if swap backing store is full
#   Use 64 bit Java on a 64 bit OS
#   Decrease Java heap size (-Xmx/-Xms)
#   Decrease number of Java threads
#   Decrease Java thread stack sizes (-Xss)
#   Set larger code cache with -XX:ReservedCodeCacheSize=
# This output file may be truncated or incomplete.
#
#  Out of Memory Error (os_linux.cpp:2627), pid=9101, tid=0x00007f3992dda700
#
# JRE version: Java(TM) SE Runtime Environment (8.0_121-b13) (build 1.8.0_121-b13)
# Java VM: Java HotSpot(TM) 64-Bit Server VM (25.121-b13 mixed mode linux-amd64 compressed oops)
# Failed to write core dump. Core dumps have been disabled. To enable core dumping, try "ulimit -c unlimited" before starting Java again
#

---------------  T H R E A D  ---------------

Current thread (0x00007f39a8078000):  VMThread [stack: 0x00007f3992cda000,0x00007f3992ddb000] [id=9111]

Stack: [0x00007f3992cda000,0x00007f3992ddb000],  sp=0x00007f3992dd9280,  free space=1020k
Native frames: (J=compiled Java code, j=interpreted, Vv=VM code, C=native code)
V  [libjvm.so+0xac703a]  VMError::report_and_die()+0x2ba
V  [libjvm.so+0x4fc7eb]  report_vm_out_of_memory(char const*, int, unsigned long, VMErrorType, char const*)+0x8b
V  [libjvm.so+0x923c43]  os::Linux::commit_memory_impl(char*, unsigned long, bool)+0x103
V  [libjvm.so+0x924199]  os::pd_commit_memory(char*, unsigned long, unsigned long, bool)+0x29
V  [libjvm.so+0x91e4aa]  os::commit_memory(char*, unsigned long, unsigned long, bool)+0x2a
V  [libjvm.so+0x992f03]  PSVirtualSpace::expand_by(unsigned long)+0x53
V  [libjvm.so+0x994308]  PSYoungGen::resize_generation(unsigned long, unsigned long)+0xf8
V  [libjvm.so+0x993462]  PSYoungGen::resize(unsigned long, unsigned long)+0x22
V  [libjvm.so+0x99073b]  PSScavenge::invoke_no_policy()+0xf3b
V  [libjvm.so+0x98b9e5]  PSParallelCompact::invoke(bool)+0x85
V  [libjvm.so+0x4832d4]  CollectedHeap::collect_as_vm_thread(GCCause::Cause)+0x114
V  [libjvm.so+0xac84b1]  VM_CollectForMetadataAllocation::doit()+0x161
V  [libjvm.so+0xad0535]  VM_Operation::evaluate()+0x55
V  [libjvm.so+0xace90a]  VMThread::evaluate_operation(VM_Operation*)+0xba
V  [libjvm.so+0xacec8e]  VMThread::loop()+0x1ce
V  [libjvm.so+0xacf100]  VMThread::run()+0x70
V  [libjvm.so+0x926268]  java_start(Thread*)+0x108

VM_Operation (0x00007f39b1d2ce70): CollectForMetadataAllocation, mode: safepoint, requested by thread 0x00007f39a800a000


---------------  P R O C E S S  ---------------

Java Threads: ( => current thread )
  0x00007f39a80c0000 JavaThread "Service Thread" daemon [_thread_blocked, id=9118, stack(0x00007f39922fb000,0x00007f39923fc000)]
  0x00007f39a80bd000 JavaThread "C1 CompilerThread2" daemon [_thread_blocked, id=9117, stack(0x00007f39923fc000,0x00007f39924fd000)]
  0x00007f39a80bb800 JavaThread "C2 CompilerThread1" daemon [_thread_blocked, id=9116, stack(0x00007f39924fd000,0x00007f39925fe000)]
  0x00007f39a80b8800 JavaThread "C2 CompilerThread0" daemon [_thread_blocked, id=9115, stack(0x00007f39925fe000,0x00007f39926ff000)]
  0x00007f39a80b7000 JavaThread "Signal Dispatcher" daemon [_thread_blocked, id=9114, stack(0x00007f39926ff000,0x00007f3992800000)]
  0x00007f39a8084000 JavaThread "Finalizer" daemon [_thread_blocked, id=9113, stack(0x00007f3992ad8000,0x00007f3992bd9000)]
  0x00007f39a807f800 JavaThread "Reference Handler" daemon [_thread_blocked, id=9112, stack(0x00007f3992bd9000,0x00007f3992cda000)]
  0x00007f39a800a000 JavaThread "main" [_thread_blocked, id=9106, stack(0x00007f39b1c32000,0x00007f39b1d33000)]

Other Threads:
=>0x00007f39a8078000 VMThread [stack: 0x00007f3992cda000,0x00007f3992ddb000] [id=9111]
  0x00007f39a80c3000 WatcherThread [stack: 0x00007f39921fa000,0x00007f39922fb000] [id=9119]

VM state:at safepoint (normal execution)

VM Mutex/Monitor currently owned by a thread:  ([mutex/lock_event])
[0x00007f39a8006430] Threads_lock - owner thread: 0x00007f39a8078000
[0x00007f39a8006930] Heap_lock - owner thread: 0x00007f39a800a000

Heap:
 PSYoungGen      total 104960K, used 7651K [0x0000000781f00000, 0x0000000788d00000, 0x00000007c0000000)
  eden space 97280K, 0% used [0x0000000781f00000,0x0000000781f00000,0x0000000787e00000)
  from space 7680K, 99% used [0x0000000788580000,0x0000000788cf8d68,0x0000000788d00000)
  to   space 7680K, 0% used [0x0000000787e00000,0x0000000787e00000,0x0000000788580000)
 ParOldGen       total 128512K, used 14195K [0x0000000705c00000, 0x000000070d980000, 0x0000000781f00000)
  object space 128512K, 11% used [0x0000000705c00000,0x00000007069dcd10,0x000000070d980000)
 Metaspace       used 20718K, capacity 21158K, committed 21296K, reserved 1069056K
  class space    used 2491K, capacity 2619K, committed 2688K, reserved 1048576K

Card table byte_map: [0x00007f39ae404000,0x00007f39ae9d7000] byte_map_base: 0x00007f39aabd6000

Marking Bits: (ParMarkBitMap*) 0x00007f39b1101c80
 Begin Bits: [0x00007f39932e0000, 0x00007f3996170000)
 End Bits:   [0x00007f3996170000, 0x00007f3999000000)

Polling page: 0x00007f39b1d51000

CodeCache: size=245760Kb used=11624Kb max_used=11624Kb free=234135Kb
 bounds [0x00007f3999000000, 0x00007f3999b70000, 0x00007f39a8000000]
 total_blobs=3669 nmethods=3297 adapters=285
 compilation: enabled

Compilation events (10 events):
Event: 25.574 Thread 0x00007f39a80bd000 3355       3       com.sun.tools.javac.jvm.ClassReader::enterPackage (78 bytes)
Event: 25.577 Thread 0x00007f39a80bd000 nmethod 3355 0x00007f3999b5fcd0 code [0x00007f3999b5ffc0, 0x00007f3999b61738]
Event: 25.577 Thread 0x00007f39a80bd000 3356       3       com.sun.tools.javac.comp.Check$1::inferenceContext (11 bytes)
Event: 25.577 Thread 0x00007f39a80bd000 nmethod 3356 0x00007f3999b57810 code [0x00007f3999b57980, 0x00007f3999b57b10]
Event: 25.577 Thread 0x00007f39a80bd000 3357       3       com.sun.tools.javac.comp.Infer$InferenceContext::free (9 bytes)
Event: 25.577 Thread 0x00007f39a80bd000 nmethod 3357 0x00007f3999b57390 code [0x00007f3999b57500, 0x00007f3999b57728]
Event: 25.577 Thread 0x00007f39a80bd000 3358       3       com.sun.tools.javac.code.Type::containsAny (39 bytes)
Event: 25.578 Thread 0x00007f39a80bd000 nmethod 3358 0x00007f3999b62210 code [0x00007f3999b623e0, 0x00007f3999b62c28]
Event: 25.578 Thread 0x00007f39a80bd000 3354       1       com.sun.tools.javac.code.Type::isErroneous (2 bytes)
Event: 25.578 Thread 0x00007f39a80bd000 nmethod 3354 0x00007f3999b62f10 code [0x00007f3999b63060, 0x00007f3999b63170]

GC Heap History (7 events):
Event: 2.510 GC heap before
{Heap before GC invocations=1 (full 0):
 PSYoungGen      total 56320K, used 48640K [0x0000000781f00000, 0x0000000785d80000, 0x00000007c0000000)
  eden space 48640K, 100% used [0x0000000781f00000,0x0000000784e80000,0x0000000784e80000)
  from space 7680K, 0% used [0x0000000785600000,0x0000000785600000,0x0000000785d80000)
  to   space 7680K, 0% used [0x0000000784e80000,0x0000000784e80000,0x0000000785600000)
 ParOldGen       total 128512K, used 0K [0x0000000705c00000, 0x000000070d980000, 0x0000000781f00000)
  object space 128512K, 0% used [0x0000000705c00000,0x0000000705c00000,0x000000070d980000)
 Metaspace       used 9546K, capacity 9718K, committed 9984K, reserved 1058816K
  class space    used 1172K, capacity 1215K, committed 1280K, reserved 1048576K
Event: 2.536 GC heap after
Heap after GC invocations=1 (full 0):
 PSYoungGen      total 56320K, used 6939K [0x0000000781f00000, 0x0000000788d00000, 0x00000007c0000000)
  eden space 48640K, 0% used [0x0000000781f00000,0x0000000781f00000,0x0000000784e80000)
  from space 7680K, 90% used [0x0000000784e80000,0x0000000785546ec8,0x0000000785600000)
  to   space 7680K, 0% used [0x0000000788580000,0x0000000788580000,0x0000000788d00000)
 ParOldGen       total 128512K, used 8K [0x0000000705c00000, 0x000000070d980000, 0x0000000781f00000)
  object space 128512K, 0% used [0x0000000705c00000,0x0000000705c02000,0x000000070d980000)
 Metaspace       used 9546K, capacity 9718K, committed 9984K, reserved 1058816K
  class space    used 1172K, capacity 1215K, committed 1280K, reserved 1048576K
}
Event: 5.169 GC heap before
{Heap before GC invocations=2 (full 0):
 PSYoungGen      total 56320K, used 55579K [0x0000000781f00000, 0x0000000788d00000, 0x00000007c0000000)
  eden space 48640K, 100% used [0x0000000781f00000,0x0000000784e80000,0x0000000784e80000)
  from space 7680K, 90% used [0x0000000784e80000,0x0000000785546ec8,0x0000000785600000)
  to   space 7680K, 0% used [0x0000000788580000,0x0000000788580000,0x0000000788d00000)
 ParOldGen       total 128512K, used 8K [0x0000000705c00000, 0x000000070d980000, 0x0000000781f00000)
  object space 128512K, 0% used [0x0000000705c00000,0x0000000705c02000,0x000000070d980000)
 Metaspace       used 14702K, capacity 14978K, committed 15232K, reserved 1062912K
  class space    used 1799K, capacity 1907K, committed 1920K, reserved 1048576K
Event: 5.214 GC heap after
Heap after GC invocations=2 (full 0):
 PSYoungGen      total 104960K, used 7665K [0x0000000781f00000, 0x0000000788d00000, 0x00000007c0000000)
  eden space 97280K, 0% used [0x0000000781f00000,0x0000000781f00000,0x0000000787e00000)
  from space 7680K, 99% used [0x0000000788580000,0x0000000788cfc548,0x0000000788d00000)
  to   space 7680K, 0% used [0x0000000787e00000,0x0000000787e00000,0x0000000788580000)
 ParOldGen       total 128512K, used 1580K [0x0000000705c00000, 0x000000070d980000, 0x0000000781f00000)
  object space 128512K, 1% used [0x0000000705c00000,0x0000000705d8b2e8,0x000000070d980000)
 Metaspace       used 14702K, capacity 14978K, committed 15232K, reserved 1062912K
  class space    used 1799K, capacity 1907K, committed 1920K, reserved 1048576K
}
Event: 23.672 GC heap before
{Heap before GC invocations=3 (full 0):
 PSYoungGen      total 104960K, used 104945K [0x0000000781f00000, 0x0000000788d00000, 0x00000007c0000000)
  eden space 97280K, 100% used [0x0000000781f00000,0x0000000787e00000,0x0000000787e00000)
  from space 7680K, 99% used [0x0000000788580000,0x0000000788cfc548,0x0000000788d00000)
  to   space 7680K, 0% used [0x0000000787e00000,0x0000000787e00000,0x0000000788580000)
 ParOldGen       total 128512K, used 1580K [0x0000000705c00000, 0x000000070d980000, 0x0000000781f00000)
  object space 128512K, 1% used [0x0000000705c00000,0x0000000705d8b2e8,0x000000070d980000)
 Metaspace       used 19765K, capacity 20230K, committed 20480K, reserved 1067008K
  class space    used 2406K, capacity 2523K, committed 2560K, reserved 1048576K
Event: 23.710 GC heap after
Heap after GC invocations=3 (full 0):
 PSYoungGen      total 104960K, used 7663K [0x0000000781f00000, 0x0000000788d00000, 0x00000007c0000000)
  eden space 97280K, 0% used [0x0000000781f00000,0x0000000781f00000,0x0000000787e00000)
  from space 7680K, 99% used [0x0000000787e00000,0x000000078857bf08,0x0000000788580000)
  to   space 7680K, 0% used [0x0000000788580000,0x0000000788580000,0x0000000788d00000)
 ParOldGen       total 128512K, used 5404K [0x0000000705c00000, 0x000000070d980000, 0x0000000781f00000)
  object space 128512K, 4% used [0x0000000705c00000,0x00000007061471a0,0x000000070d980000)
 Metaspace       used 19765K, capacity 20230K, committed 20480K, reserved 1067008K
  class space    used 2406K, capacity 2523K, committed 2560K, reserved 1048576K
}
Event: 25.768 GC heap before
{Heap before GC invocations=4 (full 0):
 PSYoungGen      total 104960K, used 49298K [0x0000000781f00000, 0x0000000788d00000, 0x00000007c0000000)
  eden space 97280K, 42% used [0x0000000781f00000,0x00000007847a8b00,0x0000000787e00000)
  from space 7680K, 99% used [0x0000000787e00000,0x000000078857bf08,0x0000000788580000)
  to   space 7680K, 0% used [0x0000000788580000,0x0000000788580000,0x0000000788d00000)
 ParOldGen       total 128512K, used 5404K [0x0000000705c00000, 0x000000070d980000, 0x0000000781f00000)
  object space 128512K, 4% used [0x0000000705c00000,0x00000007061471a0,0x000000070d980000)
 Metaspace       used 20718K, capacity 21158K, committed 21296K, reserved 1069056K
  class space    used 2491K, capacity 2619K, committed 2688K, reserved 1048576K

Deoptimization events (10 events):
Event: 11.989 Thread 0x00007f39a800a000 Uncommon trap: reason=speculate_class_check action=maybe_recompile pc=0x00007f3999713ef4 method=java.nio.charset.CharsetDecoder.decode(Ljava/nio/ByteBuffer;Ljava/nio/CharBuffer;Z)Ljava/nio/charset/CoderResult; @ 57
Event: 11.990 Thread 0x00007f39a800a000 Uncommon trap: reason=speculate_class_check action=maybe_recompile pc=0x00007f3999713ef4 method=java.nio.charset.CharsetDecoder.decode(Ljava/nio/ByteBuffer;Ljava/nio/CharBuffer;Z)Ljava/nio/charset/CoderResult; @ 57
Event: 22.142 Thread 0x00007f39a800a000 Uncommon trap: reason=bimorphic action=maybe_recompile pc=0x00007f399964e3cc method=java.util.regex.Pattern$CharProperty.match(Ljava/util/regex/Matcher;ILjava/lang/CharSequence;)Z @ 37
Event: 22.158 Thread 0x00007f39a800a000 Uncommon trap: reason=unstable_if action=reinterpret pc=0x00007f39998dcbb8 method=com.google.inject.internal.InjectorImpl.callInContext(Lcom/google/inject/internal/ContextualCallable;)Ljava/lang/Object; @ 161
Event: 23.661 Thread 0x00007f39a800a000 Uncommon trap: reason=unstable_if action=reinterpret pc=0x00007f39998468c8 method=java.util.jar.Manifest$FastInputStream.readLine([BII)I @ 87
Event: 23.738 Thread 0x00007f39a800a000 Uncommon trap: reason=unstable_if action=reinterpret pc=0x00007f3999615a1c method=java.util.LinkedHashMap.afterNodeInsertion(Z)V @ 18
Event: 23.989 Thread 0x00007f39a800a000 Uncommon trap: reason=unstable_if action=reinterpret pc=0x00007f39991f9f04 method=sun.misc.URLClassPath$JarLoader.getResource(Ljava/lang/String;Z)Lsun/misc/Resource; @ 62
Event: 24.042 Thread 0x00007f39a800a000 Uncommon trap: reason=unstable_if action=reinterpret pc=0x00007f399969d9a8 method=java.nio.charset.CharsetDecoder.decode(Ljava/nio/ByteBuffer;Ljava/nio/CharBuffer;Z)Ljava/nio/charset/CoderResult; @ 1
Event: 24.156 Thread 0x00007f39a800a000 Uncommon trap: reason=unstable_if action=reinterpret pc=0x00007f3999a617c8 method=com.sun.tools.javac.util.ArrayUtils.ensureCapacity([CI)[C @ 3
Event: 25.557 Thread 0x00007f39a800a000 Uncommon trap: reason=unstable_if action=reinterpret pc=0x00007f3999b18164 method=com.sun.tools.javac.util.Name$Table.equals([BI[BII)Z @ 22

Internal exceptions (10 events):
Event: 3.705 Thread 0x00007f39a800a000 Exception <a 'java/lang/NullPointerException'> (0x0000000783b2bde8) thrown at [/HUDSON3/workspace/8-2-build-linux-amd64/jdk8u121/8372/hotspot/src/share/vm/interpreter/linkResolver.cpp, line 1178]
Event: 3.705 Thread 0x00007f39a800a000 Exception <a 'java/lang/NullPointerException'> (0x0000000783b2c000) thrown at [/HUDSON3/workspace/8-2-build-linux-amd64/jdk8u121/8372/hotspot/src/share/vm/interpreter/linkResolver.cpp, line 1178]
Event: 4.275 Thread 0x00007f39a800a000 Implicit null exception at 0x00007f39993aafb5 to 0x00007f39993ab1c9
Event: 4.276 Thread 0x00007f39a800a000 Implicit null exception at 0x00007f39993073ef to 0x00007f3999307459
Event: 4.548 Thread 0x00007f39a800a000 Implicit null exception at 0x00007f39995f4646 to 0x00007f39995f5055
Event: 22.156 Thread 0x00007f39a800a000 Implicit null exception at 0x00007f39998db748 to 0x00007f39998dcb99
Event: 22.404 Thread 0x00007f39a800a000 Exception <a 'java/lang/ClassNotFoundException': com/sun/tools/javac/api/JavacTool> (0x0000000786b5cda8) thrown at [/HUDSON3/workspace/8-2-build-linux-amd64/jdk8u121/8372/hotspot/src/share/vm/classfile/systemDictionary.cpp, line 210]
Event: 24.453 Thread 0x00007f39a800a000 Exception <a 'java/io/FileNotFoundException'> (0x00000007838a1d48) thrown at [/HUDSON3/workspace/8-2-build-linux-amd64/jdk8u121/8372/hotspot/src/share/vm/prims/jni.cpp, line 709]
Event: 24.525 Thread 0x00007f39a800a000 Exception <a 'java/io/FileNotFoundException'> (0x00000007838d8038) thrown at [/HUDSON3/workspace/8-2-build-linux-amd64/jdk8u121/8372/hotspot/src/share/vm/prims/jni.cpp, line 709]
Event: 24.940 Thread 0x00007f39a800a000 Exception <a 'java/io/FileNotFoundException'> (0x000000078409d550) thrown at [/HUDSON3/workspace/8-2-build-linux-amd64/jdk8u121/8372/hotspot/src/share/vm/prims/jni.cpp, line 709]

Events (10 events):
Event: 25.490 Thread 0x00007f39a800a000 DEOPT PACKING pc=0x00007f3999b0a4cc sp=0x00007f39b1d2ee10
Event: 25.490 Thread 0x00007f39a800a000 DEOPT UNPACKING pc=0x00007f3999047633 sp=0x00007f39b1d2eb88 mode 0
Event: 25.505 loading class com/sun/tools/javac/jvm/ClassReader$AnnotationDefaultCompleter
Event: 25.509 loading class com/sun/tools/javac/jvm/ClassReader$AnnotationDefaultCompleter done
Event: 25.553 Thread 0x00007f39a800a000 Uncommon trap: trap_request=0xffffff65 fr.pc=0x00007f3999b18164
Event: 25.557 Thread 0x00007f39a800a000 DEOPT PACKING pc=0x00007f3999b18164 sp=0x00007f39b1d2f4d0
Event: 25.559 Thread 0x00007f39a800a000 DEOPT UNPACKING pc=0x00007f3999005229 sp=0x00007f39b1d2f3f8 mode 2
Event: 25.591 loading class com/sun/tools/javac/code/SymbolMetadata
Event: 25.596 loading class com/sun/tools/javac/code/SymbolMetadata done
Event: 25.710 Executing VM operation: CollectForMetadataAllocation


Dynamic libraries:
00400000-00401000 r-xp 00000000 08:01 6040937                            /usr/lib/jvm/java-8-oracle/bin/java
00600000-00601000 rw-p 00000000 08:01 6040937                            /usr/lib/jvm/java-8-oracle/bin/java
01663000-01684000 rw-p 00000000 00:00 0                                  [heap]
705c00000-70d980000 rw-p 00000000 00:00 0 
70d980000-781f00000 ---p 00000000 00:00 0 
781f00000-788d00000 rw-p 00000000 00:00 0 
78ec00000-7c0000000 ---p 00000000 00:00 0 
7c0000000-7c02a0000 rw-p 00000000 00:00 0 
7c02a0000-800000000 ---p 00000000 00:00 0 
7f395c000000-7f395c021000 rw-p 00000000 00:00 0 
7f395c021000-7f3960000000 ---p 00000000 00:00 0 
7f3960000000-7f3960021000 rw-p 00000000 00:00 0 
7f3960021000-7f3964000000 ---p 00000000 00:00 0 
7f3964000000-7f39658de000 rw-p 00000000 00:00 0 
7f39658de000-7f3968000000 ---p 00000000 00:00 0 
7f3968000000-7f3968c1c000 rw-p 00000000 00:00 0 
7f3968c1c000-7f396c000000 ---p 00000000 00:00 0 
7f396c000000-7f396c021000 rw-p 00000000 00:00 0 
7f396c021000-7f3970000000 ---p 00000000 00:00 0 
7f3970000000-7f3970bad000 rw-p 00000000 00:00 0 
7f3970bad000-7f3974000000 ---p 00000000 00:00 0 
7f3974000000-7f3974021000 rw-p 00000000 00:00 0 
7f3974021000-7f3978000000 ---p 00000000 00:00 0 
7f3978000000-7f3978021000 rw-p 00000000 00:00 0 
7f3978021000-7f397c000000 ---p 00000000 00:00 0 
7f397c000000-7f397c021000 rw-p 00000000 00:00 0 
7f397c021000-7f3980000000 ---p 00000000 00:00 0 
7f3980000000-7f398028d000 rw-p 00000000 00:00 0 
7f398028d000-7f3984000000 ---p 00000000 00:00 0 
7f3984000000-7f3984021000 rw-p 00000000 00:00 0 
7f3984021000-7f3988000000 ---p 00000000 00:00 0 
7f3988000000-7f3988021000 rw-p 00000000 00:00 0 
7f3988021000-7f398c000000 ---p 00000000 00:00 0 
7f398c000000-7f398c021000 rw-p 00000000 00:00 0 
7f398c021000-7f3990000000 ---p 00000000 00:00 0 
7f3990cf7000-7f3990d23000 rw-p 00000000 00:00 0 
7f3990d23000-7f3990ef7000 ---p 00000000 00:00 0 
7f3990ef7000-7f3990ef9000 r--s 0000b000 08:01 2097779                    /home/prateek/.m2/repository/javax/servlet/jsp-api/2.0/jsp-api-2.0.jar
7f3990ef9000-7f3990efb000 r--s 00007000 08:01 2100047                    /home/prateek/.m2/repository/com/fasterxml/jackson/module/jackson-module-jaxb-annotations/2.7.4/jackson-module-jaxb-annotations-2.7.4.jar
7f3990efb000-7f3990efe000 r--s 0000a000 08:01 2100045                    /home/prateek/.m2/repository/com/fasterxml/jackson/core/jackson-annotations/2.7.0/jackson-annotations-2.7.0.jar
7f3990efe000-7f3990f0f000 r--s 00115000 08:01 2100043                    /home/prateek/.m2/repository/com/fasterxml/jackson/core/jackson-databind/2.7.4/jackson-databind-2.7.4.jar
7f3990f0f000-7f3990f11000 r--s 00006000 08:01 2100039                    /home/prateek/.m2/repository/com/fasterxml/jackson/jaxrs/jackson-jaxrs-base/2.7.4/jackson-jaxrs-base-2.7.4.jar
7f3990f11000-7f3990f13000 r--s 00003000 08:01 2100037                    /home/prateek/.m2/repository/com/fasterxml/jackson/jaxrs/jackson-jaxrs-json-provider/2.7.4/jackson-jaxrs-json-provider-2.7.4.jar
7f3990f13000-7f3990f17000 r--s 00041000 08:01 3279103                    /home/prateek/.m2/repository/com/fasterxml/jackson/core/jackson-core/2.8.4/jackson-core-2.8.4.jar
7f3990f17000-7f3990f1a000 r--s 00012000 08:01 2230756                    /home/prateek/.m2/repository/org/springframework/security/spring-security-acl/4.2.0.RELEASE/spring-security-acl-4.2.0.RELEASE.jar
7f3990f1a000-7f3990f1b000 r--s 00004000 08:01 2230754                    /home/prateek/.m2/repository/org/springframework/security/spring-security-taglibs/4.2.0.RELEASE/spring-security-taglibs-4.2.0.RELEASE.jar
7f3990f1b000-7f3990f27000 r--s 00055000 08:01 2230746                    /home/prateek/.m2/repository/org/springframework/security/spring-security-core/4.2.0.RELEASE/spring-security-core-4.2.0.RELEASE.jar
7f3990f27000-7f3990f32000 r--s 00053000 08:01 2230750                    /home/prateek/.m2/repository/org/springframework/security/spring-security-web/4.2.0.RELEASE/spring-security-web-4.2.0.RELEASE.jar
7f3990f32000-7f3990f34000 r--s 00000000 08:01 1708631                    /home/prateek/.m2/repository/aopalliance/aopalliance/1.0/aopalliance-1.0.jar
7f3990f34000-7f3990f3e000 r--s 00086000 08:01 2230752                    /home/prateek/.m2/repository/org/springframework/security/spring-security-config/4.2.0.RELEASE/spring-security-config-4.2.0.RELEASE.jar
7f3990f3e000-7f3990f41000 r--s 00019000 08:01 1839428                    /home/prateek/.m2/repository/org/apache/commons/commons-pool2/2.4.2/commons-pool2-2.4.2.jar
7f3990f41000-7f3990f44000 r--s 00028000 08:01 1576878                    /home/prateek/.m2/repository/org/apache/commons/commons-dbcp2/2.1.1/commons-dbcp2-2.1.1.jar
7f3990f44000-7f3990f49000 r--s 00017000 08:01 2230762                    /home/prateek/.m2/repository/org/hibernate/javax/persistence/hibernate-jpa-2.1-api/1.0.0.Final/hibernate-jpa-2.1-api-1.0.0.Final.jar
7f3990f49000-7f3990f4a000 r--s 00000000 08:01 2230784                    /home/prateek/.m2/repository/javax/inject/javax.inject/1/javax.inject-1.jar
7f3990f4a000-7f3990f4b000 r--s 00001000 08:01 2230782                    /home/prateek/.m2/repository/javax/annotation/jsr250-api/1.0/jsr250-api-1.0.jar
7f3990f4b000-7f3990f4c000 r--s 00001000 08:01 2230780                    /home/prateek/.m2/repository/org/jboss/spec/javax/interceptor/jboss-interceptors-api_1.1_spec/1.0.0.Beta1/jboss-interceptors-api_1.1_spec-1.0.0.Beta1.jar
7f3990f4c000-7f3990f4e000 r--s 00007000 08:01 2230778                    /home/prateek/.m2/repository/javax/el/el-api/2.2/el-api-2.2.jar
7f3990f4e000-7f3990f52000 r--s 0000e000 08:01 2230776                    /home/prateek/.m2/repository/javax/enterprise/cdi-api/1.1/cdi-api-1.1.jar
7f3990f52000-7f3990f55000 r--s 00010000 08:01 2230774                    /home/prateek/.m2/repository/org/hibernate/common/hibernate-commons-annotations/5.0.1.Final/hibernate-commons-annotations-5.0.1.Final.jar
7f3990f55000-7f3990f5a000 r--s 00048000 08:01 2100069                    /home/prateek/.m2/repository/dom4j/dom4j/1.6.1/dom4j-1.6.1.jar
7f3990f5a000-7f3990f5c000 r--s 0000e000 08:01 2230772                    /home/prateek/.m2/repository/com/fasterxml/classmate/1.3.0/classmate-1.3.0.jar
7f3990f5c000-7f3990f5f000 r--s 0002b000 08:01 2230770                    /home/prateek/.m2/repository/org/jboss/jandex/2.0.0.Final/jandex-2.0.0.Final.jar
7f3990f5f000-7f3990f64000 r--s 00068000 08:01 2230766                    /home/prateek/.m2/repository/antlr/antlr/2.7.7/antlr-2.7.7.jar
7f3990f64000-7f3990f6e000 r--s 000ae000 08:01 2230764                    /home/prateek/.m2/repository/org/javassist/javassist/3.20.0-GA/javassist-3.20.0-GA.jar
7f3990f6e000-7f3990f70000 r--s 0000f000 08:01 2230760                    /home/prateek/.m2/repository/org/jboss/logging/jboss-logging/3.3.0.Final/jboss-logging-3.3.0.Final.jar
7f3990f70000-7f3990fe9000 r--s 005a3000 08:01 2754579                    /home/prateek/.m2/repository/org/hibernate/hibernate-core/5.2.2.Final/hibernate-core-5.2.2.Final.jar
7f3990fe9000-7f3990ff3000 r--s 0005f000 08:01 2754577                    /home/prateek/.m2/repository/org/springframework/spring-jdbc/4.3.5.RELEASE/spring-jdbc-4.3.5.RELEASE.jar
7f3990ff3000-7f3990ffd000 r--s 0006b000 08:01 2754575                    /home/prateek/.m2/repository/org/springframework/spring-orm/4.3.5.RELEASE/spring-orm-4.3.5.RELEASE.jar
7f3990ffd000-7f3991005000 r--s 0003a000 08:01 2754573                    /home/prateek/.m2/repository/org/springframework/spring-tx/4.3.5.RELEASE/spring-tx-4.3.5.RELEASE.jar
7f3991005000-7f399100f000 r--s 000e7000 08:01 2754555                    /home/prateek/.m2/repository/mysql/mysql-connector-java/5.1.38/mysql-connector-java-5.1.38.jar
7f399100f000-7f3991011000 r--s 00018000 08:01 2229034                    /home/prateek/.m2/repository/javax/servlet/servlet-api/2.5/servlet-api-2.5.jar
7f3991011000-7f3991023000 r--s 000b6000 08:01 1710550                    /home/prateek/.m2/repository/org/springframework/spring-web/4.3.5.RELEASE/spring-web-4.3.5.RELEASE.jar
7f3991023000-7f3991034000 r--s 000cf000 08:01 2229032                    /home/prateek/.m2/repository/org/springframework/spring-webmvc/4.3.5.RELEASE/spring-webmvc-4.3.5.RELEASE.jar
7f3991034000-7f3991041000 r--s 000ad000 08:01 2229030                    /home/prateek/.m2/repository/org/springframework/spring-beans/4.3.5.RELEASE/spring-beans-4.3.5.RELEASE.jar
7f3991041000-7f3991057000 r--s 000fa000 08:01 1710548                    /home/prateek/.m2/repository/org/springframework/spring-core/4.3.5.RELEASE/spring-core-4.3.5.RELEASE.jar
7f3991057000-7f3991257000 rw-p 00000000 00:00 0 
7f3991257000-7f39912d1000 r--s 010f6000 08:01 6036935                    /usr/lib/jvm/java-8-oracle/lib/tools.jar
7f39912d1000-7f39914d1000 rw-p 00000000 00:00 0 
7f39914d1000-7f39914e2000 r-xp 00000000 08:01 6041044                    /usr/lib/jvm/java-8-oracle/jre/lib/amd64/libnio.so
7f39914e2000-7f39916e1000 ---p 00011000 08:01 6041044                    /usr/lib/jvm/java-8-oracle/jre/lib/amd64/libnio.so
7f39916e1000-7f39916e2000 rw-p 00010000 08:01 6041044                    /usr/lib/jvm/java-8-oracle/jre/lib/amd64/libnio.so
7f39916e2000-7f39919e3000 rw-p 00000000 00:00 0 
7f39919e3000-7f39919f9000 r-xp 00000000 08:01 6041019                    /usr/lib/jvm/java-8-oracle/jre/lib/amd64/libnet.so
7f39919f9000-7f3991bf9000 ---p 00016000 08:01 6041019                    /usr/lib/jvm/java-8-oracle/jre/lib/amd64/libnet.so
7f3991bf9000-7f3991bfa000 rw-p 00016000 08:01 6041019                    /usr/lib/jvm/java-8-oracle/jre/lib/amd64/libnet.so
7f3991bfa000-7f3991dfa000 rw-p 00000000 00:00 0 
7f3991dfa000-7f3991ffa000 rw-p 00000000 00:00 0 
7f3991ffa000-7f39921fa000 rw-p 00000000 00:00 0 
7f39921fa000-7f39921fb000 ---p 00000000 00:00 0 
7f39921fb000-7f39922fb000 rw-p 00000000 00:00 0 
7f39922fb000-7f39922fe000 ---p 00000000 00:00 0 
7f39922fe000-7f39923fc000 rw-p 00000000 00:00 0 
7f39923fc000-7f39923ff000 ---p 00000000 00:00 0 
7f39923ff000-7f39924fd000 rw-p 00000000 00:00 0 
7f39924fd000-7f3992500000 ---p 00000000 00:00 0 
7f3992500000-7f39925fe000 rw-p 00000000 00:00 0 
7f39925fe000-7f3992601000 ---p 00000000 00:00 0 
7f3992601000-7f39926ff000 rw-p 00000000 00:00 0 
7f39926ff000-7f3992702000 ---p 00000000 00:00 0 
7f3992702000-7f3992800000 rw-p 00000000 00:00 0 
7f3992800000-7f3992ad8000 r--p 00000000 08:01 6030952                    /usr/lib/locale/locale-archive
7f3992ad8000-7f3992adb000 ---p 00000000 00:00 0 
7f3992adb000-7f3992bd9000 rw-p 00000000 00:00 0 
7f3992bd9000-7f3992bdc000 ---p 00000000 00:00 0 
7f3992bdc000-7f3992cda000 rw-p 00000000 00:00 0 
7f3992cda000-7f3992cdb000 ---p 00000000 00:00 0 
7f3992cdb000-7f3999000000 rw-p 00000000 00:00 0 
7f3999000000-7f3999b70000 rwxp 00000000 00:00 0 
7f3999b70000-7f39a8000000 ---p 00000000 00:00 0 
7f39a8000000-7f39a8d23000 rw-p 00000000 00:00 0 
7f39a8d23000-7f39ac000000 ---p 00000000 00:00 0 
7f39ac000000-7f39ac001000 r--s 00003000 08:01 2230768                    /home/prateek/.m2/repository/org/apache/geronimo/specs/geronimo-jta_1.1_spec/1.1.1/geronimo-jta_1.1_spec-1.1.1.jar
7f39ac001000-7f39ac00b000 r--s 0005c000 08:01 2228971                    /home/prateek/.m2/repository/jstl/jstl/1.2/jstl-1.2.jar
7f39ac00b000-7f39ac00d000 r--s 0000e000 08:01 1576875                    /home/prateek/.m2/repository/commons-logging/commons-logging/1.2/commons-logging-1.2.jar
7f39ac00d000-7f39ac012000 r--s 0003c000 08:01 2229028                    /home/prateek/.m2/repository/org/springframework/spring-expression/4.3.5.RELEASE/spring-expression-4.3.5.RELEASE.jar
7f39ac012000-7f39ac01b000 r--s 00054000 08:01 2229026                    /home/prateek/.m2/repository/org/springframework/spring-aop/4.3.5.RELEASE/spring-aop-4.3.5.RELEASE.jar
7f39ac01b000-7f39ac035000 r--s 000fc000 08:01 2229024                    /home/prateek/.m2/repository/org/springframework/spring-context/4.3.5.RELEASE/spring-context-4.3.5.RELEASE.jar
7f39ac035000-7f39ac036000 r--s 00004000 08:01 2229626                    /home/prateek/.m2/repository/org/codehaus/plexus/plexus-compiler-javac/2.7/plexus-compiler-javac-2.7.jar
7f39ac036000-7f39ac038000 r--s 00000000 08:01 2229624                    /home/prateek/.m2/repository/org/codehaus/plexus/plexus-compiler-manager/2.7/plexus-compiler-manager-2.7.jar
7f39ac038000-7f39ac03a000 r--s 00005000 08:01 2229622                    /home/prateek/.m2/repository/org/codehaus/plexus/plexus-compiler-api/2.7/plexus-compiler-api-2.7.jar
7f39ac03a000-7f39ac03c000 r--s 00002000 08:01 2229467                    /home/prateek/.m2/repository/org/apache/maven/shared/maven-shared-incremental/1.1/maven-shared-incremental-1.1.jar
7f39ac03c000-7f39ac03e000 r--s 00006000 08:01 2229465                    /home/prateek/.m2/repository/com/google/code/findbugs/jsr305/2.0.1/jsr305-2.0.1.jar
7f39ac03e000-7f39ac042000 r--s 0002a000 08:01 2229620                    /home/prateek/.m2/repository/commons-io/commons-io/2.4/commons-io-2.4.jar
7f39ac042000-7f39ac045000 r--s 00023000 08:01 2229618                    /home/prateek/.m2/repository/org/apache/maven/shared/maven-shared-utils/3.0.0/maven-shared-utils-3.0.0.jar
7f39ac045000-7f39ac047000 r--s 00002000 08:01 2229614                    /home/prateek/.m2/repository/org/sonatype/plexus/plexus-cipher/1.4/plexus-cipher-1.4.jar
7f39ac047000-7f39ac048000 r--s 00006000 08:01 2229612                    /home/prateek/.m2/repository/org/sonatype/plexus/plexus-sec-dispatcher/1.3/plexus-sec-dispatcher-1.3.jar
7f39ac048000-7f39ac04a000 r--s 00000000 08:01 2229469                    /home/prateek/.m2/repository/org/codehaus/plexus/plexus-component-annotations/1.5.5/plexus-component-annotations-1.5.5.jar
7f39ac04a000-7f39ac04c000 r--s 0000d000 08:01 2229608                    /home/prateek/.m2/repository/org/codehaus/plexus/plexus-interpolation/1.14/plexus-interpolation-1.14.jar
7f39ac04c000-7f39ac050000 r--s 00017000 08:01 2229606                    /home/prateek/.m2/repository/org/sonatype/aether/aether-util/1.7/aether-util-1.7.jar
7f39ac050000-7f39ac054000 r--s 00033000 08:01 2229586                    /home/prateek/.m2/repository/org/codehaus/plexus/plexus-utils/2.0.4/plexus-utils-2.0.4.jar
7f39ac054000-7f39ac05f000 r--s 00069000 08:01 2229582                    /home/prateek/.m2/repository/org/sonatype/sisu/sisu-guice/2.1.7/sisu-guice-2.1.7-noaop.jar
7f39ac05f000-7f39ac064000 r--s 00021000 08:01 2229580                    /home/prateek/.m2/repository/org/sonatype/sisu/sisu-inject-bean/1.4.2/sisu-inject-bean-1.4.2.jar
7f39ac064000-7f39ac066000 r--s 0000b000 08:01 2229052                    /home/prateek/.m2/repository/org/apache/maven/plugins/maven-compiler-plugin/3.5.1/maven-compiler-plugin-3.5.1.jar
7f39ac066000-7f39ac068000 r--s 0000d000 08:01 2228555                    /home/prateek/.m2/repository/org/codehaus/plexus/plexus-interpolation/1.13/plexus-interpolation-1.13.jar
7f39ac068000-7f39ac069000 r--s 00001000 08:01 2228553                    /home/prateek/.m2/repository/org/sonatype/plexus/plexus-build-api/0.0.4/plexus-build-api-0.0.4.jar
7f39ac069000-7f39ac06b000 r--s 00009000 08:01 2228551                    /home/prateek/.m2/repository/org/apache/maven/shared/maven-filtering/1.1/maven-filtering-1.1.jar
7f39ac06b000-7f39ac06f000 r--s 00033000 08:01 2228549                    /home/prateek/.m2/repository/org/codehaus/plexus/plexus-utils/2.0.5/plexus-utils-2.0.5.jar
7f39ac06f000-7f39ac072000 r--s 0001b000 08:01 2228547                    /home/prateek/.m2/repository/junit/junit/3.8.1/junit-3.8.1.jar
7f39ac072000-7f39ac074000 r--s 00002000 08:01 2228533                    /home/prateek/.m2/repository/org/codehaus/plexus/plexus-interactivity-api/1.0-alpha-4/plexus-interactivity-api-1.0-alpha-4.jar
7f39ac074000-7f39ac076000 r--s 00006000 08:01 2228529                    /home/prateek/.m2/repository/commons-cli/commons-cli/1.0/commons-cli-1.0.jar
7f39ac076000-7f39ac077000 r--s 00001000 08:01 2228523                    /home/prateek/.m2/repository/org/apache/maven/doxia/doxia-sink-api/1.0-alpha-7/doxia-sink-api-1.0-alpha-7.jar
7f39ac077000-7f39ac078000 r--s 00002000 08:01 2228521                    /home/prateek/.m2/repository/org/apache/maven/reporting/maven-reporting-api/2.0.6/maven-reporting-api-2.0.6.jar
7f39ac078000-7f39ac07a000 r--s 00006000 08:01 2100134                    /home/prateek/.m2/repository/org/apache/maven/plugins/maven-resources-plugin/2.6/maven-resources-plugin-2.6.jar
7f39ac07a000-7f39ac07e000 r--s 00034000 08:01 2231104                    /home/prateek/.m2/repository/org/codehaus/plexus/plexus-utils/3.0/plexus-utils-3.0.jar
7f39ac07e000-7f39ac080000 r--s 00005000 08:01 2229134                    /home/prateek/.m2/repository/org/apache/maven/plugins/maven-clean-plugin/2.5/maven-clean-plugin-2.5.jar
7f39ac080000-7f39ac084000 r--s 0009a000 08:01 6040963                    /usr/lib/jvm/java-8-oracle/jre/lib/jsse.jar
7f39ac084000-7f39ac085000 r--s 00002000 08:01 1838760                    /home/prateek/sts-bundle/sts-3.8.2.RELEASE/plugins/org.eclipse.m2e.maven.runtime.slf4j.simple_1.7.0.20160603-1931/jars/slf4j-simple-1.7.5.jar
7f39ac085000-7f39ac08a000 r--s 00041000 08:01 1838783                    /home/prateek/sts-bundle/sts-3.8.2.RELEASE/plugins/org.eclipse.m2e.maven.runtime_1.7.0.20160603-1931/jars/commons-lang-2.6.jar
7f39ac08a000-7f39ac08b000 r--s 00002000 08:01 1838811                    /home/prateek/sts-bundle/sts-3.8.2.RELEASE/plugins/org.eclipse.m2e.maven.runtime_1.7.0.20160603-1931/jars/wagon-file-2.10.jar
7f39ac08b000-7f39ac08d000 r--s 00005000 08:01 1838779                    /home/prateek/sts-bundle/sts-3.8.2.RELEASE/plugins/org.eclipse.m2e.maven.runtime_1.7.0.20160603-1931/jars/aether-transport-wagon-1.0.2.v20150114.jar
7f39ac08d000-7f39ac08e000 r--s 00008000 08:01 1838775                    /home/prateek/sts-bundle/sts-3.8.2.RELEASE/plugins/org.eclipse.m2e.maven.runtime_1.7.0.20160603-1931/jars/aether-connector-basic-1.0.2.v20150114.jar
7f39ac08e000-7f39ac090000 r--s 0000f000 08:01 1838801                    /home/prateek/sts-bundle/sts-3.8.2.RELEASE/plugins/org.eclipse.m2e.maven.runtime_1.7.0.20160603-1931/jars/okio-1.6.0.jar
7f39ac090000-7f39ac095000 r--s 00049000 08:01 1838800                    /home/prateek/sts-bundle/sts-3.8.2.RELEASE/plugins/org.eclipse.m2e.maven.runtime_1.7.0.20160603-1931/jars/okhttp-2.5.0.jar
7f39ac095000-7f39ac097000 r--s 0000b000 08:01 1838776                    /home/prateek/sts-bundle/sts-3.8.2.RELEASE/plugins/org.eclipse.m2e.maven.runtime_1.7.0.20160603-1931/jars/aether-connector-okhttp-0.16.0.jar
7f39ac097000-7f39ac099000 r--s 00006000 08:01 1838778                    /home/prateek/sts-bundle/sts-3.8.2.RELEASE/plugins/org.eclipse.m2e.maven.runtime_1.7.0.20160603-1931/jars/aether-spi-1.0.2.v20150114.jar
7f39ac099000-7f39ac09d000 r--s 00027000 08:01 1838777                    /home/prateek/sts-bundle/sts-3.8.2.RELEASE/plugins/org.eclipse.m2e.maven.runtime_1.7.0.20160603-1931/jars/aether-impl-1.0.2.v20150114.jar
7f39ac09d000-7f39ac0c8000 r--s 001fc000 08:01 1838785                    /home/prateek/sts-bundle/sts-3.8.2.RELEASE/plugins/org.eclipse.m2e.maven.runtime_1.7.0.20160603-1931/jars/guava-18.0.jar
7f39ac0c8000-7f39ac0d0000 r--s 00055000 08:01 1838802                    /home/prateek/sts-bundle/sts-3.8.2.RELEASE/plugins/org.eclipse.m2e.maven.runtime_1.7.0.20160603-1931/jars/org.eclipse.sisu.inject-0.3.2.jar
7f39ac0d0000-7f39ac0d1000 r--s 00001000 08:01 1838787                    /home/prateek/sts-bundle/sts-3.8.2.RELEASE/plugins/org.eclipse.m2e.maven.runtime_1.7.0.20160603-1931/jars/jsr250-api-1.0.jar
7f39ac0d1000-7f39ac0d4000 r--s 00008000 08:01 1838781                    /home/prateek/sts-bundle/sts-3.8.2.RELEASE/plugins/org.eclipse.m2e.maven.runtime_1.7.0.20160603-1931/jars/cdi-api-1.0.jar
7f39ac0d4000-7f39ac0da000 r--s 0002d000 08:01 1838803                    /home/prateek/sts-bundle/sts-3.8.2.RELEASE/plugins/org.eclipse.m2e.maven.runtime_1.7.0.20160603-1931/jars/org.eclipse.sisu.plexus-0.3.2.jar
7f39ac0da000-7f39ac0dd000 r--s 0000b000 08:01 1838812                    /home/prateek/sts-bundle/sts-3.8.2.RELEASE/plugins/org.eclipse.m2e.maven.runtime_1.7.0.20160603-1931/jars/wagon-provider-api-2.10.jar
7f39ac0dd000-7f39ac0e3000 r--s 00041000 08:01 1838791                    /home/prateek/sts-bundle/sts-3.8.2.RELEASE/plugins/org.eclipse.m2e.maven.runtime_1.7.0.20160603-1931/jars/maven-compat-3.3.9.jar
7f39ac0e3000-7f39ac0e5000 r--s 00009000 08:01 1838782                    /home/prateek/sts-bundle/sts-3.8.2.RELEASE/plugins/org.eclipse.m2e.maven.runtime_1.7.0.20160603-1931/jars/commons-cli-1.2.jar
7f39ac0e5000-7f39ac0e7000 r--s 00002000 08:01 1838805                    /home/prateek/sts-bundle/sts-3.8.2.RELEASE/plugins/org.eclipse.m2e.maven.runtime_1.7.0.20160603-1931/jars/plexus-cipher-1.7.jar
7f39ac0e7000-7f39ac0ea000 r--s 00013000 08:01 1838793                    /home/prateek/sts-bundle/sts-3.8.2.RELEASE/plugins/org.eclipse.m2e.maven.runtime_1.7.0.20160603-1931/jars/maven-embedder-3.3.9.jar
7f39ac0ea000-7f39ac0f1000 r--s 00064000 08:01 1838784                    /home/prateek/sts-bundle/sts-3.8.2.RELEASE/plugins/org.eclipse.m2e.maven.runtime_1.7.0.20160603-1931/jars/commons-lang3-3.4.jar
7f39ac0f1000-7f39ac0f2000 r--s 00006000 08:01 1838809                    /home/prateek/sts-bundle/sts-3.8.2.RELEASE/plugins/org.eclipse.m2e.maven.runtime_1.7.0.20160603-1931/jars/plexus-sec-dispatcher-1.3.jar
7f39ac0f2000-7f39ac0f6000 r--s 00038000 08:01 1838810                    /home/prateek/sts-bundle/sts-3.8.2.RELEASE/plugins/org.eclipse.m2e.maven.runtime_1.7.0.20160603-1931/jars/plexus-utils-3.0.22.jar
7f39ac0f6000-7f39ac0ff000 r--s 0005f000 08:01 1838786                    /home/prateek/sts-bundle/sts-3.8.2.RELEASE/plugins/org.eclipse.m2e.maven.runtime_1.7.0.20160603-1931/jars/guice-4.0-no_aop.jar
7f39ac0ff000-7f39acbfd000 rw-p 00000000 00:00 0 
7f39acbfd000-7f39acdd6000 r--s 03d3e000 08:01 6041011                    /usr/lib/jvm/java-8-oracle/jre/lib/rt.jar
7f39acdd6000-7f39adc1e000 rw-p 00000000 00:00 0 
7f39adc1e000-7f39adc1f000 ---p 00000000 00:00 0 
7f39adc1f000-7f39add1f000 rw-p 00000000 00:00 0 
7f39add1f000-7f39add20000 ---p 00000000 00:00 0 
7f39add20000-7f39ade20000 rw-p 00000000 00:00 0 
7f39ade20000-7f39ade21000 ---p 00000000 00:00 0 
7f39ade21000-7f39adf21000 rw-p 00000000 00:00 0 
7f39adf21000-7f39adf22000 ---p 00000000 00:00 0 
7f39adf22000-7f39ae061000 rw-p 00000000 00:00 0 
7f39ae061000-7f39ae404000 ---p 00000000 00:00 0 
7f39ae404000-7f39ae443000 rw-p 00000000 00:00 0 
7f39ae443000-7f39ae7e5000 ---p 00000000 00:00 0 
7f39ae7e5000-7f39ae81d000 rw-p 00000000 00:00 0 
7f39ae81d000-7f39ae9d6000 ---p 00000000 00:00 0 
7f39ae9d6000-7f39aea05000 rw-p 00000000 00:00 0 
7f39aea05000-7f39aed97000 ---p 00000000 00:00 0 
7f39aed97000-7f39aedb1000 r-xp 00000000 08:01 6041042                    /usr/lib/jvm/java-8-oracle/jre/lib/amd64/libzip.so
7f39aedb1000-7f39aefb1000 ---p 0001a000 08:01 6041042                    /usr/lib/jvm/java-8-oracle/jre/lib/amd64/libzip.so
7f39aefb1000-7f39aefb2000 rw-p 0001a000 08:01 6041042                    /usr/lib/jvm/java-8-oracle/jre/lib/amd64/libzip.so
7f39aefb2000-7f39aefbd000 r-xp 00000000 08:01 534425                     /lib/x86_64-linux-gnu/libnss_files-2.23.so
7f39aefbd000-7f39af1bc000 ---p 0000b000 08:01 534425                     /lib/x86_64-linux-gnu/libnss_files-2.23.so
7f39af1bc000-7f39af1bd000 r--p 0000a000 08:01 534425                     /lib/x86_64-linux-gnu/libnss_files-2.23.so
7f39af1bd000-7f39af1be000 rw-p 0000b000 08:01 534425                     /lib/x86_64-linux-gnu/libnss_files-2.23.so
7f39af1be000-7f39af1c4000 rw-p 00000000 00:00 0 
7f39af1c4000-7f39af1cf000 r-xp 00000000 08:01 531471                     /lib/x86_64-linux-gnu/libnss_nis-2.23.so
7f39af1cf000-7f39af3ce000 ---p 0000b000 08:01 531471                     /lib/x86_64-linux-gnu/libnss_nis-2.23.so
7f39af3ce000-7f39af3cf000 r--p 0000a000 08:01 531471                     /lib/x86_64-linux-gnu/libnss_nis-2.23.so
7f39af3cf000-7f39af3d0000 rw-p 0000b000 08:01 531471                     /lib/x86_64-linux-gnu/libnss_nis-2.23.so
7f39af3d0000-7f39af3e6000 r-xp 00000000 08:01 533814                     /lib/x86_64-linux-gnu/libnsl-2.23.so
7f39af3e6000-7f39af5e5000 ---p 00016000 08:01 533814                     /lib/x86_64-linux-gnu/libnsl-2.23.so
7f39af5e5000-7f39af5e6000 r--p 00015000 08:01 533814                     /lib/x86_64-linux-gnu/libnsl-2.23.so
7f39af5e6000-7f39af5e7000 rw-p 00016000 08:01 533814                     /lib/x86_64-linux-gnu/libnsl-2.23.so
7f39af5e7000-7f39af5e9000 rw-p 00000000 00:00 0 
7f39af5e9000-7f39af5f1000 r-xp 00000000 08:01 534412                     /lib/x86_64-linux-gnu/libnss_compat-2.23.so
7f39af5f1000-7f39af7f0000 ---p 00008000 08:01 534412                     /lib/x86_64-linux-gnu/libnss_compat-2.23.so
7f39af7f0000-7f39af7f1000 r--p 00007000 08:01 534412                     /lib/x86_64-linux-gnu/libnss_compat-2.23.so
7f39af7f1000-7f39af7f2000 rw-p 00008000 08:01 534412                     /lib/x86_64-linux-gnu/libnss_compat-2.23.so
7f39af7f2000-7f39af81d000 r-xp 00000000 08:01 6041069                    /usr/lib/jvm/java-8-oracle/jre/lib/amd64/libjava.so
7f39af81d000-7f39afa1c000 ---p 0002b000 08:01 6041069                    /usr/lib/jvm/java-8-oracle/jre/lib/amd64/libjava.so
7f39afa1c000-7f39afa1e000 rw-p 0002a000 08:01 6041069                    /usr/lib/jvm/java-8-oracle/jre/lib/amd64/libjava.so
7f39afa1e000-7f39afa2b000 r-xp 00000000 08:01 6041020                    /usr/lib/jvm/java-8-oracle/jre/lib/amd64/libverify.so
7f39afa2b000-7f39afc2a000 ---p 0000d000 08:01 6041020                    /usr/lib/jvm/java-8-oracle/jre/lib/amd64/libverify.so
7f39afc2a000-7f39afc2c000 rw-p 0000c000 08:01 6041020                    /usr/lib/jvm/java-8-oracle/jre/lib/amd64/libverify.so
7f39afc2c000-7f39afc33000 r-xp 00000000 08:01 531395                     /lib/x86_64-linux-gnu/librt-2.23.so
7f39afc33000-7f39afe32000 ---p 00007000 08:01 531395                     /lib/x86_64-linux-gnu/librt-2.23.so
7f39afe32000-7f39afe33000 r--p 00006000 08:01 531395                     /lib/x86_64-linux-gnu/librt-2.23.so
7f39afe33000-7f39afe34000 rw-p 00007000 08:01 531395                     /lib/x86_64-linux-gnu/librt-2.23.so
7f39afe34000-7f39aff3c000 r-xp 00000000 08:01 533684                     /lib/x86_64-linux-gnu/libm-2.23.so
7f39aff3c000-7f39b013b000 ---p 00108000 08:01 533684                     /lib/x86_64-linux-gnu/libm-2.23.so
7f39b013b000-7f39b013c000 r--p 00107000 08:01 533684                     /lib/x86_64-linux-gnu/libm-2.23.so
7f39b013c000-7f39b013d000 rw-p 00108000 08:01 533684                     /lib/x86_64-linux-gnu/libm-2.23.so
7f39b013d000-7f39b0e0b000 r-xp 00000000 08:01 6041073                    /usr/lib/jvm/java-8-oracle/jre/lib/amd64/server/libjvm.so
7f39b0e0b000-7f39b100b000 ---p 00cce000 08:01 6041073                    /usr/lib/jvm/java-8-oracle/jre/lib/amd64/server/libjvm.so
7f39b100b000-7f39b10e4000 rw-p 00cce000 08:01 6041073                    /usr/lib/jvm/java-8-oracle/jre/lib/amd64/server/libjvm.so
7f39b10e4000-7f39b112f000 rw-p 00000000 00:00 0 
7f39b112f000-7f39b12ee000 r-xp 00000000 08:01 531577                     /lib/x86_64-linux-gnu/libc-2.23.so
7f39b12ee000-7f39b14ee000 ---p 001bf000 08:01 531577                     /lib/x86_64-linux-gnu/libc-2.23.so
7f39b14ee000-7f39b14f2000 r--p 001bf000 08:01 531577                     /lib/x86_64-linux-gnu/libc-2.23.so
7f39b14f2000-7f39b14f4000 rw-p 001c3000 08:01 531577                     /lib/x86_64-linux-gnu/libc-2.23.so
7f39b14f4000-7f39b14f8000 rw-p 00000000 00:00 0 
7f39b14f8000-7f39b14fb000 r-xp 00000000 08:01 531484                     /lib/x86_64-linux-gnu/libdl-2.23.so
7f39b14fb000-7f39b16fa000 ---p 00003000 08:01 531484                     /lib/x86_64-linux-gnu/libdl-2.23.so
7f39b16fa000-7f39b16fb000 r--p 00002000 08:01 531484                     /lib/x86_64-linux-gnu/libdl-2.23.so
7f39b16fb000-7f39b16fc000 rw-p 00003000 08:01 531484                     /lib/x86_64-linux-gnu/libdl-2.23.so
7f39b16fc000-7f39b1711000 r-xp 00000000 08:01 6036932                    /usr/lib/jvm/java-8-oracle/lib/amd64/jli/libjli.so
7f39b1711000-7f39b1911000 ---p 00015000 08:01 6036932                    /usr/lib/jvm/java-8-oracle/lib/amd64/jli/libjli.so
7f39b1911000-7f39b1912000 rw-p 00015000 08:01 6036932                    /usr/lib/jvm/java-8-oracle/lib/amd64/jli/libjli.so
7f39b1912000-7f39b192a000 r-xp 00000000 08:01 533813                     /lib/x86_64-linux-gnu/libpthread-2.23.so
7f39b192a000-7f39b1b29000 ---p 00018000 08:01 533813                     /lib/x86_64-linux-gnu/libpthread-2.23.so
7f39b1b29000-7f39b1b2a000 r--p 00017000 08:01 533813                     /lib/x86_64-linux-gnu/libpthread-2.23.so
7f39b1b2a000-7f39b1b2b000 rw-p 00018000 08:01 533813                     /lib/x86_64-linux-gnu/libpthread-2.23.so
7f39b1b2b000-7f39b1b2f000 rw-p 00000000 00:00 0 
7f39b1b2f000-7f39b1b55000 r-xp 00000000 08:01 530552                     /lib/x86_64-linux-gnu/ld-2.23.so
7f39b1b55000-7f39b1b57000 r--s 00000000 08:01 1838807                    /home/prateek/sts-bundle/sts-3.8.2.RELEASE/plugins/org.eclipse.m2e.maven.runtime_1.7.0.20160603-1931/jars/plexus-component-annotations-1.6.jar
7f39b1b57000-7f39b1b5a000 r--s 0000d000 08:01 1838808                    /home/prateek/sts-bundle/sts-3.8.2.RELEASE/plugins/org.eclipse.m2e.maven.runtime_1.7.0.20160603-1931/jars/plexus-interpolation-1.21.jar
7f39b1b5a000-7f39b1b5e000 r--s 00020000 08:01 1838780                    /home/prateek/sts-bundle/sts-3.8.2.RELEASE/plugins/org.eclipse.m2e.maven.runtime_1.7.0.20160603-1931/jars/aether-util-1.0.2.v20150114.jar
7f39b1b5e000-7f39b1b63000 r--s 0001d000 08:01 1838774                    /home/prateek/sts-bundle/sts-3.8.2.RELEASE/plugins/org.eclipse.m2e.maven.runtime_1.7.0.20160603-1931/jars/aether-api-1.0.2.v20150114.jar
7f39b1b63000-7f39b1b65000 r--s 0000f000 08:01 1838788                    /home/prateek/sts-bundle/sts-3.8.2.RELEASE/plugins/org.eclipse.m2e.maven.runtime_1.7.0.20160603-1931/jars/maven-aether-provider-3.3.9.jar
7f39b1b65000-7f39b1b6a000 r--s 00027000 08:01 1838795                    /home/prateek/sts-bundle/sts-3.8.2.RELEASE/plugins/org.eclipse.m2e.maven.runtime_1.7.0.20160603-1931/jars/maven-model-builder-3.3.9.jar
7f39b1b6a000-7f39b1b6c000 r--s 0000a000 08:01 1838796                    /home/prateek/sts-bundle/sts-3.8.2.RELEASE/plugins/org.eclipse.m2e.maven.runtime_1.7.0.20160603-1931/jars/maven-plugin-api-3.3.9.jar
7f39b1b6c000-7f39b1b6e000 r--s 0000c000 08:01 1838789                    /home/prateek/sts-bundle/sts-3.8.2.RELEASE/plugins/org.eclipse.m2e.maven.runtime_1.7.0.20160603-1931/jars/maven-artifact-3.3.9.jar
7f39b1b6e000-7f39b1b6f000 r--s 00006000 08:01 1838797                    /home/prateek/sts-bundle/sts-3.8.2.RELEASE/plugins/org.eclipse.m2e.maven.runtime_1.7.0.20160603-1931/jars/maven-repository-metadata-3.3.9.jar
7f39b1b6f000-7f39b1b71000 r--s 00009000 08:01 1838799                    /home/prateek/sts-bundle/sts-3.8.2.RELEASE/plugins/org.eclipse.m2e.maven.runtime_1.7.0.20160603-1931/jars/maven-settings-builder-3.3.9.jar
7f39b1b71000-7f39b1b74000 r--s 00026000 08:01 1838794                    /home/prateek/sts-bundle/sts-3.8.2.RELEASE/plugins/org.eclipse.m2e.maven.runtime_1.7.0.20160603-1931/jars/maven-model-3.3.9.jar
7f39b1b74000-7f39b1c32000 rw-p 00000000 00:00 0 
7f39b1c32000-7f39b1c35000 ---p 00000000 00:00 0 
7f39b1c35000-7f39b1d37000 rw-p 00000000 00:00 0 
7f39b1d37000-7f39b1d38000 r--s 00003000 08:01 1838790                    /home/prateek/sts-bundle/sts-3.8.2.RELEASE/plugins/org.eclipse.m2e.maven.runtime_1.7.0.20160603-1931/jars/maven-builder-support-3.3.9.jar
7f39b1d38000-7f39b1d39000 r--s 0000a000 08:01 1838798                    /home/prateek/sts-bundle/sts-3.8.2.RELEASE/plugins/org.eclipse.m2e.maven.runtime_1.7.0.20160603-1931/jars/maven-settings-3.3.9.jar
7f39b1d39000-7f39b1d46000 r--s 0008f000 08:01 1838792                    /home/prateek/sts-bundle/sts-3.8.2.RELEASE/plugins/org.eclipse.m2e.maven.runtime_1.7.0.20160603-1931/jars/maven-core-3.3.9.jar
7f39b1d46000-7f39b1d48000 r--s 0000b000 08:01 1838806                    /home/prateek/sts-bundle/sts-3.8.2.RELEASE/plugins/org.eclipse.m2e.maven.runtime_1.7.0.20160603-1931/jars/plexus-classworlds-2.5.2.jar
7f39b1d48000-7f39b1d50000 rw-s 00000000 08:01 1704303                    /tmp/hsperfdata_prateek/9101
7f39b1d50000-7f39b1d51000 rw-p 00000000 00:00 0 
7f39b1d51000-7f39b1d52000 ---p 00000000 00:00 0 
7f39b1d52000-7f39b1d54000 rw-p 00000000 00:00 0 
7f39b1d54000-7f39b1d55000 r--p 00025000 08:01 530552                     /lib/x86_64-linux-gnu/ld-2.23.so
7f39b1d55000-7f39b1d56000 rw-p 00026000 08:01 530552                     /lib/x86_64-linux-gnu/ld-2.23.so
7f39b1d56000-7f39b1d57000 rw-p 00000000 00:00 0 
7ffcade0b000-7ffcade2c000 rw-p 00000000 00:00 0                          [stack]
7ffcadf85000-7ffcadf87000 r--p 00000000 00:00 0                          [vvar]
7ffcadf87000-7ffcadf89000 r-xp 00000000 00:00 0                          [vdso]
ffffffffff600000-ffffffffff601000 r-xp 00000000 00:00 0                  [vsyscall]

VM Arguments:
jvm_args: -Dmaven.home=EMBEDDED -Dclassworlds.conf=/home/prateek/Documents/workspace-sts/.metadata/.plugins/org.eclipse.m2e.launching/launches/m2conf215395999087010465.tmp -Dmaven.multiModuleProjectDirectory=/home/prateek/Documents/workspace-sts/learnspring -Dfile.encoding=UTF-8 
java_command: org.codehaus.plexus.classworlds.launcher.Launcher -B clean install
java_class_path (initial): /home/prateek/sts-bundle/sts-3.8.2.RELEASE/plugins/org.eclipse.m2e.maven.runtime_1.7.0.20160603-1931/jars/plexus-classworlds-2.5.2.jar
Launcher Type: SUN_STANDARD

Environment Variables:
JAVA_HOME=/usr/lib/jvm/java-8-oracle
PATH=/usr/local/sbin:/usr/local/bin:/usr/sbin:/usr/bin:/sbin:/bin:/usr/games:/usr/local/games:/snap/bin:/usr/lib/jvm/java-8-oracle/bin:/usr/lib/jvm/java-8-oracle/db/bin:/usr/lib/jvm/java-8-oracle/jre/bin
SHELL=/bin/bash
DISPLAY=:0

Signal Handlers:
SIGSEGV: [libjvm.so+0xac78c0], sa_mask[0]=11111111011111111101111111111110, sa_flags=SA_RESTART|SA_SIGINFO
SIGBUS: [libjvm.so+0xac78c0], sa_mask[0]=11111111011111111101111111111110, sa_flags=SA_RESTART|SA_SIGINFO
SIGFPE: [libjvm.so+0x920ac0], sa_mask[0]=11111111011111111101111111111110, sa_flags=SA_RESTART|SA_SIGINFO
SIGPIPE: [libjvm.so+0x920ac0], sa_mask[0]=11111111011111111101111111111110, sa_flags=SA_RESTART|SA_SIGINFO
SIGXFSZ: [libjvm.so+0x920ac0], sa_mask[0]=11111111011111111101111111111110, sa_flags=SA_RESTART|SA_SIGINFO
SIGILL: [libjvm.so+0x920ac0], sa_mask[0]=11111111011111111101111111111110, sa_flags=SA_RESTART|SA_SIGINFO
SIGUSR1: SIG_DFL, sa_mask[0]=00000000000000000000000000000000, sa_flags=none
SIGUSR2: [libjvm.so+0x922300], sa_mask[0]=00100000000000000000000000000000, sa_flags=SA_RESTART|SA_SIGINFO
SIGHUP: [libjvm.so+0x923700], sa_mask[0]=11111111011111111101111111111110, sa_flags=SA_RESTART|SA_SIGINFO
SIGINT: [libjvm.so+0x923700], sa_mask[0]=11111111011111111101111111111110, sa_flags=SA_RESTART|SA_SIGINFO
SIGTERM: [libjvm.so+0x923700], sa_mask[0]=11111111011111111101111111111110, sa_flags=SA_RESTART|SA_SIGINFO
SIGQUIT: [libjvm.so+0x923700], sa_mask[0]=11111111011111111101111111111110, sa_flags=SA_RESTART|SA_SIGINFO


---------------  S Y S T E M  ---------------

OS:DISTRIB_ID=Ubuntu
DISTRIB_RELEASE=16.04
DISTRIB_CODENAME=xenial
DISTRIB_DESCRIPTION="Ubuntu 16.04.1 LTS"

uname:Linux 4.4.0-64-generic #85-Ubuntu SMP Mon Feb 20 11:50:30 UTC 2017 x86_64
libc:glibc 2.23 NPTL 2.23 
rlimit: STACK 8192k, CORE 0k, NPROC 47513, NOFILE 65536, AS infinity
load average:9.17 3.71 1.90

/proc/meminfo:
MemTotal:       12203676 kB
MemFree:          152768 kB
MemAvailable:      29988 kB
Buffers:             248 kB
Cached:          1092604 kB
SwapCached:            0 kB
Active:         10716128 kB
Inactive:        1014876 kB
Active(anon):   10708432 kB
Inactive(anon):  1006960 kB
Active(file):       7696 kB
Inactive(file):     7916 kB
Unevictable:         304 kB
Mlocked:             304 kB
SwapTotal:             0 kB
SwapFree:              0 kB
Dirty:                88 kB
Writeback:             8 kB
AnonPages:      10639032 kB
Mapped:           530112 kB
Shmem:           1076664 kB
Slab:             119424 kB
SReclaimable:      61476 kB
SUnreclaim:        57948 kB
KernelStack:       15920 kB
PageTables:        83104 kB
NFS_Unstable:          0 kB
Bounce:                0 kB
WritebackTmp:          0 kB
CommitLimit:     6101836 kB
Committed_AS:   16869744 kB
VmallocTotal:   34359738367 kB
VmallocUsed:           0 kB
VmallocChunk:          0 kB
HardwareCorrupted:     0 kB
AnonHugePages:   4145152 kB
CmaTotal:              0 kB
CmaFree:               0 kB
HugePages_Total:       0
HugePages_Free:        0
HugePages_Rsvd:        0
HugePages_Surp:        0
Hugepagesize:       2048 kB
DirectMap4k:      934656 kB
DirectMap2M:    11548672 kB


CPU:total 4 (2 cores per cpu, 2 threads per core) family 6 model 58 stepping 9, cmov, cx8, fxsr, mmx, sse, sse2, sse3, ssse3, sse4.1, sse4.2, popcnt, avx, aes, clmul, erms, ht, tsc, tscinvbit, tscinv

/proc/cpuinfo:
processor	: 0
vendor_id	: GenuineIntel
cpu family	: 6
model		: 58
model name	: Intel(R) Core(TM) i5-3210M CPU @ 2.50GHz
stepping	: 9
microcode	: 0x15
cpu MHz		: 2900.000
cache size	: 3072 KB
physical id	: 0
siblings	: 4
core id		: 0
cpu cores	: 2
apicid		: 0
initial apicid	: 0
fpu		: yes
fpu_exception	: yes
cpuid level	: 13
wp		: yes
flags		: fpu vme de pse tsc msr pae mce cx8 apic sep mtrr pge mca cmov pat pse36 clflush dts acpi mmx fxsr sse sse2 ss ht tm pbe syscall nx rdtscp lm constant_tsc arch_perfmon pebs bts rep_good nopl xtopology nonstop_tsc aperfmperf eagerfpu pni pclmulqdq dtes64 monitor ds_cpl vmx est tm2 ssse3 cx16 xtpr pdcm pcid sse4_1 sse4_2 x2apic popcnt tsc_deadline_timer aes xsave avx f16c rdrand lahf_lm epb tpr_shadow vnmi flexpriority ept vpid fsgsbase smep erms xsaveopt dtherm ida arat pln pts
bugs		:
bogomips	: 4988.78
clflush size	: 64
cache_alignment	: 64
address sizes	: 36 bits physical, 48 bits virtual
power management:

processor	: 1
vendor_id	: GenuineIntel
cpu family	: 6
model		: 58
model name	: Intel(R) Core(TM) i5-3210M CPU @ 2.50GHz
stepping	: 9
microcode	: 0x15
cpu MHz		: 2900.000
cache size	: 3072 KB
physical id	: 0
siblings	: 4
core id		: 0
cpu cores	: 2
apicid		: 1
initial apicid	: 1
fpu		: yes
fpu_exception	: yes
cpuid level	: 13
wp		: yes
flags		: fpu vme de pse tsc msr pae mce cx8 apic sep mtrr pge mca cmov pat pse36 clflush dts acpi mmx fxsr sse sse2 ss ht tm pbe syscall nx rdtscp lm constant_tsc arch_perfmon pebs bts rep_good nopl xtopology nonstop_tsc aperfmperf eagerfpu pni pclmulqdq dtes64 monitor ds_cpl vmx est tm2 ssse3 cx16 xtpr pdcm pcid sse4_1 sse4_2 x2apic popcnt tsc_deadline_timer aes xsave avx f16c rdrand lahf_lm epb tpr_shadow vnmi flexpriority ept vpid fsgsbase smep erms xsaveopt dtherm ida arat pln pts
bugs		:
bogomips	: 4988.78
clflush size	: 64
cache_alignment	: 64
address sizes	: 36 bits physical, 48 bits virtual
power management:

processor	: 2
vendor_id	: GenuineIntel
cpu family	: 6
model		: 58
model name	: Intel(R) Core(TM) i5-3210M CPU @ 2.50GHz
stepping	: 9
microcode	: 0x15
cpu MHz		: 2900.000
cache size	: 3072 KB
physical id	: 0
siblings	: 4
core id		: 1
cpu cores	: 2
apicid		: 2
initial apicid	: 2
fpu		: yes
fpu_exception	: yes
cpuid level	: 13
wp		: yes
flags		: fpu vme de pse tsc msr pae mce cx8 apic sep mtrr pge mca cmov pat pse36 clflush dts acpi mmx fxsr sse sse2 ss ht tm pbe syscall nx rdtscp lm constant_tsc arch_perfmon pebs bts rep_good nopl xtopology nonstop_tsc aperfmperf eagerfpu pni pclmulqdq dtes64 monitor ds_cpl vmx est tm2 ssse3 cx16 xtpr pdcm pcid sse4_1 sse4_2 x2apic popcnt tsc_deadline_timer aes xsave avx f16c rdrand lahf_lm epb tpr_shadow vnmi flexpriority ept vpid fsgsbase smep erms xsaveopt dtherm ida arat pln pts
bugs		:
bogomips	: 4988.78
clflush size	: 64
cache_alignment	: 64
address sizes	: 36 bits physical, 48 bits virtual
power management:

processor	: 3
vendor_id	: GenuineIntel
cpu family	: 6
model		: 58
model name	: Intel(R) Core(TM) i5-3210M CPU @ 2.50GHz
stepping	: 9
microcode	: 0x15
cpu MHz		: 2899.902
cache size	: 3072 KB
physical id	: 0
siblings	: 4
core id		: 1
cpu cores	: 2
apicid		: 3
initial apicid	: 3
fpu		: yes
fpu_exception	: yes
cpuid level	: 13
wp		: yes
flags		: fpu vme de pse tsc msr pae mce cx8 apic sep mtrr pge mca cmov pat pse36 clflush dts acpi mmx fxsr sse sse2 ss ht tm pbe syscall nx rdtscp lm constant_tsc arch_perfmon pebs bts rep_good nopl xtopology nonstop_tsc aperfmperf eagerfpu pni pclmulqdq dtes64 monitor ds_cpl vmx est tm2 ssse3 cx16 xtpr pdcm pcid sse4_1 sse4_2 x2apic popcnt tsc_deadline_timer aes xsave avx f16c rdrand lahf_lm epb tpr_shadow vnmi flexpriority ept vpid fsgsbase smep erms xsaveopt dtherm ida arat pln pts
bugs		:
bogomips	: 4988.78
clflush size	: 64
cache_alignment	: 64
address sizes	: 36 bits physical, 48 bits virtual
power management:



Memory: 4k page, physical 12203676k(154764k free), swap 0k(0k free)

vm_info: Java HotSpot(TM) 64-Bit Server VM (25.121-b13) for linux-amd64 JRE (1.8.0_121-b13), built on Dec 12 2016 16:36:53 by "java_re" with gcc 4.3.0 20080428 (Red Hat 4.3.0-8)

time: Sun Mar 12 23:25:42 2017
elapsed time: 27 seconds (0d 0h 0m 27s)

